2025-01-17 13:44:45,542 - INFO - Experiment Configuration: Namespace(box_coord_loss_coef=0.001, box_coord_lr=1, color_net_lr=0.0005, color_net_params={'fin_dim': 48, 'pin_dim': 3, 'view_dim': 3, 'pfin_dim': 48, 'en_dims': [128, 96, 64], 'de_dims': [48, 48], 'multires': [10, 0], 'pre_compc': True, 'cde_dims': [48], 'use_pencoding': [True, False], 'weight_norm': False, 'weight_xavier': True, 'use_drop_out': True, 'use_decode_with_pos': False}, color_net_type='naive', compute_cov3D_python=False, convert_SHs_python=False, coord_scale=1, data_device='cuda', data_perturb=[], debug=False, debug_from=-1, densification_interval=100, densify_from_iter=500, densify_grad_threshold=0.0004, densify_until_iter=15000, detect_anomaly=False, device='cuda:0', eval=True, evaluate_path='/workspace/ultrra_challenge/phase3/test', feature_lr=0.0025, feature_maps_combine='cat', feature_maps_dim=16, features_dim=48, features_mask_iters=2500, features_mask_loss_coef=0.15, features_weight_loss_coef=0.01, images='images', ip='127.0.0.1', iterations=1, lambda_dssim=0.2, lpips_loss_coef=0.005, map_generator_lr=0.002, map_generator_params={'features_dim': 48, 'backbone': 'resnet18', 'use_features_mask': True, 'use_independent_mask_branch': False}, map_generator_type='unet', map_num=3, metrics_after_train=True, model_path='outputs/ultrra_challenge/phase3', opacity_lr=0.05, opacity_reset_interval=3000, opacity_threshold=0.005, percent_dense=0.01, port=6009, position_lr_delay_mult=0.01, position_lr_final=1.6e-07, position_lr_init=0.00016, position_lr_max_steps=30000, quiet=False, random_background=False, render_after_train=True, resolution=4, rotation_lr=0.001, save_iterations=[100, 500, 1000, 5000, 7500, 10000, 30000, 50000, 1, 1], scaling_loss_coef=0.005, scaling_lr=0.005, scene_name='ultrra_challenge_phase3', sh_degree=3, source_path='/workspace/ultrra_challenge/phase3/train', test_iterations=[5000, 10000, 15000, 20000, 25000, 30000, 35000, 40000, 45000, 50000, 55000, 60000, 65000, 70000, 75000, 80000, 85000, 90000, 95000], use_box_coord_loss=True, use_color_net=True, use_colors_precomp=True, use_decode_with_pos=False, use_features_mask=True, use_indep_box_coord=True, use_indep_mask_branch=False, use_kmap_pjmap=True, use_lpips_loss=True, use_okmap=False, use_scaling_loss=False, use_wo_adative=0, use_xw_init_box_coord=True, warm_up_iter=0, white_background=False)
2025-01-17 13:44:45,542 - INFO - Model initialization and Data reading....
2025-01-17 13:45:16,968 - INFO - rand sample coordinate weight: tensor([[0.6902, 0.1178, 0.1919],
        [0.3647, 0.3102, 0.3251]], device='cuda:0')
2025-01-17 13:45:16,970 - INFO - rand sample coordinate weight: tensor([[0.5275, 0.4632, 0.0093],
        [0.1582, 0.8053, 0.0365]], device='cuda:0')
2025-01-17 13:45:18,123 - INFO - Start trainning....
2025-01-17 13:45:19,353 - INFO - [ITER 1] Saving Gaussians
2025-01-17 13:45:31,900 - INFO - Drawing Training loss curve
2025-01-17 13:45:32,052 - INFO - Rendering testing set [17]...
2025-01-17 13:46:23,843 - INFO - Rendering training set [331]...
2025-01-17 13:47:12,244 - INFO - Rendering training set's intrinsic image [331]...
2025-01-17 13:47:29,505 - INFO - Test rendering speed [331]...
2025-01-17 13:47:32,020 - INFO - rendering speed:0.023194353580474853s/image
2025-01-17 13:47:32,020 - INFO - Test rendering speed using cache [331]...
2025-01-17 13:47:32,687 - INFO - rendering speed using cache:0.005196022987365723s/image
2025-01-17 13:47:32,688 - INFO - Evaluating metrics on testing set...
2025-01-17 13:47:33,064 - INFO - Scene:outputs/ultrra_challenge/phase3
2025-01-17 13:47:33,064 - INFO - Method:ours_1
2025-01-17 13:47:33,358 - INFO - SSIM:0.48514124751091003  PSNR:15.975502014160156  LPIPS:0.4631184935569763
2025-01-17 13:47:33,359 - INFO - Evaluating metrics half image on testing set...
2025-01-17 13:47:33,757 - INFO - Scene:outputs/ultrra_challenge/phase3
2025-01-17 13:47:33,757 - INFO - Method:ours_1
2025-01-17 13:47:34,015 - INFO - SSIM:0.4920152723789215  PSNR:16.43915367126465  LPIPS:0.4606015980243683
